<?xml version="1.0" encoding="UTF-8"?>
<!-- Generated by org.testng.reporters.JUnitReportReporter -->
<testsuite skipped="0" hostname="Iq28" name="com.crm.qa.testclass.HomePageTest" tests="3" failures="0" timestamp="16 Oct 2018 07:08:07 GMT" time="81.569" errors="0">
  <testcase name="verifyHomepageTitle" time="18.620" classname="com.crm.qa.testclass.HomePageTest"/>
  <testcase name="verifyUsername" time="29.348" classname="com.crm.qa.testclass.HomePageTest"/>
  <testcase name="verifycontactslink" time="33.601" classname="com.crm.qa.testclass.HomePageTest"/>
</testsuite> <!-- com.crm.qa.testclass.HomePageTest -->
